============================================================
MPI Distributor Tests
Running with 2 MPI processes
============================================================
[ Info: [Rank 0/2] device=CPU(): using PencilArrays/PencilFFTs for MPI (2 processes)
[ Info: [Rank 0/2] Initialized MPI topology: (2,) processes
[ Info: [Rank 0/2] device=CPU(): using PencilArrays/PencilFFTs for MPI (2 processes)
[ Info: [Rank 0/2] Initialized MPI topology: (2,) processes
[ Info: [Rank 0/2] device=CPU(): using PencilArrays/PencilFFTs for MPI (2 processes)
[ Info: [Rank 0/2] Initialized MPI topology: (2,) processes
[ Info: [Rank 0/2] device=CPU(): using PencilArrays/PencilFFTs for MPI (2 processes)
[ Info: [Rank 0/2] Initialized MPI topology: (2,) processes
[ Info: [Rank 0/2] device=CPU(): using PencilArrays/PencilFFTs for MPI (2 processes)
[ Info: [Rank 0/2] Initialized MPI topology: (2,) processes
[ Info: [Rank 0/2] device=CPU(): using PencilArrays/PencilFFTs for MPI (2 processes)
[ Info: [Rank 0/2] Initialized MPI topology: (2,) processes
[ Info: [Rank 0/2] device=CPU(): using PencilArrays/PencilFFTs for MPI (2 processes)
[ Info: [Rank 0/2] Initialized MPI topology: (2,) processes
[ Info: [Rank 0/2] device=CPU(): using PencilArrays/PencilFFTs for MPI (2 processes)
[ Info: [Rank 0/2] Initialized MPI topology: (1, 2) processes
[ Info: [Rank 0/2] use_pencil_arrays=false: using local transforms (use TransposableField for distributed operations)
[ Info: [Rank 1/2] use_pencil_arrays=false: using local transforms (use TransposableField for distributed operations)
Test Summary:                                 | Pass  Total  Time
MPI Distributor Multi-rank (rank=1, nprocs=2) |   15  Test Summary:                                 |    15  Pass  6.4sTotal  
Time
MPI Distributor Multi-rank (rank=0, nprocs=2) |   18     18  6.4s
[ Info: [Rank 0/2] device=CPU(): using PencilArrays/PencilFFTs for MPI (2 processes)
[ Info: [Rank 0/2] Initialized MPI topology: (2,) processes
[ Info: [Rank 0/2] Set up PencilFFT transform for axes [1, 2] with global shape (32, 32)
[ Info: [Rank 0/2] Parallel decomposition: 2 processes
[ Info: [Rank 0/2] device=CPU(): using PencilArrays/PencilFFTs for MPI (2 processes)
[ Info: [Rank 0/2] Initialized MPI topology: (1, 2) processes
[ Info: [Rank 0/2] use_pencil_arrays=false: using local transforms (use TransposableField for distributed operations)
[ Info: [Rank 1/2] use_pencil_arrays=false: using local transforms (use TransposableField for distributed operations)
Test Summary:                | Test Summary:                | Pass  Pass  Total  Total  TimeTime

MPI Transform Tests (rank=0) | MPI Transform Tests (rank=1)   4   |     4     4  3.6s    4  
3.5s
[ Info: [Rank 0/2] device=CPU(): using PencilArrays/PencilFFTs for MPI (2 processes)
[ Info: [Rank 0/2] Initialized MPI topology: (2,) processes
[ Info: [Rank 0/2] device=CPU(): using PencilArrays/PencilFFTs for MPI (2 processes)
[ Info: [Rank 0/2] Initialized MPI topology: (2,) processes
[ Info: [Rank 0/2] device=CPU(): using PencilArrays/PencilFFTs for MPI (2 processes)
[ Info: [Rank 0/2] Initialized MPI topology: (2,) processes
[ Info: [Rank 0/2] device=CPU(): using PencilArrays/PencilFFTs for MPI (2 processes)
[ Info: [Rank 0/2] Initialized MPI topology: (2,) processes
[ Info: [Rank 0/2] device=CPU(): using PencilArrays/PencilFFTs for MPI (2 processes)
[ Info: [Rank 0/2] Initialized MPI topology: (2,) processes
Test Summary:                           | Test Summary:                           | Pass  Pass  Total  Total  TimeTime

PencilArray Preservation Tests (rank=0)PencilArray Preservation Tests (rank=1) |  |   23    23     23     23  0.4s0.4s

[ Info: [Rank 0/2] device=CPU(): using PencilArrays/PencilFFTs for MPI (2 processes)
[ Info: [Rank 0/2] Initialized MPI topology: (2,) processes
[ Info: [Rank 0/2] device=CPU(): using PencilArrays/PencilFFTs for MPI (2 processes)
[ Info: [Rank 0/2] Initialized MPI topology: (2,) processes
Test Summary:                                        | Pass  Total  Time
Pencil Compatibility and Reallocation Tests (rank=1) | Test Summary:                                        |    6  Pass      6  Total  0.0s
Time
Pencil Compatibility and Reallocation Tests (rank=0) |    6      6  0.0s
[ Info: [Rank 0/2] device=CPU(): using PencilArrays/PencilFFTs for MPI (2 processes)
[ Info: [Rank 0/2] Initialized MPI topology: (2,) processes
[ Info: [Rank 0/2] device=CPU(): using PencilArrays/PencilFFTs for MPI (2 processes)
[ Info: [Rank 0/2] Initialized MPI topology: (2,) processes
[ Info: [Rank 0/2] device=CPU(): using PencilArrays/PencilFFTs for MPI (2 processes)
[ Info: [Rank 0/2] Initialized MPI topology: (2,) processes
Test Summary:                  | Pass  Total  Time
Group Transpose Tests (rank=0) | Test Summary:                  | Pass    12  Total     12  Time0.5s

Group Transpose Tests (rank=1) |   12     12  0.5s
[ Info: [Rank 0/2] CUDA not available, skipping GPU MPI tests
============================================================
All MPI Distributor tests completed successfully!
============================================================
============================================================
MPI Field Initialization Tests
============================================================
[ Info: [Rank 0/2] device=CPU(): using PencilArrays/PencilFFTs for MPI (2 processes)
[ Info: [Rank 0/2] Initialized MPI topology: (2,) processes
[ Info: [Rank 0/2] Set up PencilFFT transform for axes [1, 2] with global shape (256, 256)
[ Info: [Rank 0/2] Parallel decomposition: 2 processes
Test Summary:                                 | Pass  Total  Time
MPI fields start with zeroed buffers (rank=0) |    8      8  5.4s
Test Summary:                                 | Pass  MPI field initialization tests completedTotal  
Time
MPI fields start with zeroed buffers (rank=1) |    8      8  5.4s
============================================================
MPI Algebraic Constraint Tests
============================================================
[ Info: [Rank 0/2] device=CPU(): using PencilArrays/PencilFFTs for MPI (2 processes)
[ Info: [Rank 0/2] Initialized MPI topology: (2,) processes
[ Info: [Rank 0/2] Set up PencilFFT transform for axes [1, 2] with global shape (16, 16)
[ Info: [Rank 0/2] Parallel decomposition: 2 processes
[ Info: [Rank 0/2] Matrix building completed: L=(576, 576), M=(576, 576), F=576
[ Info: [Rank 0/2] LazyRHS: built type-specialized plan for 1 equations
[ Info: [Rank 1/2] LazyRHS: built type-specialized plan for 1 equations
Test Summary:                                            | Test Summary:                                            | Pass  Pass  Total  Total   Time Time

MPI explicit fallback refreshes algebraic state (rank=0)MPI explicit fallback refreshes algebraic state (rank=1) |  |    3     3      3      3  20.1s20.1s

MPI algebraic constraint tests completed
============================================================
MPI Lazy RHS Fourier Tests
============================================================
[ Info: [Rank 0/2] device=CPU(): using PencilArrays/PencilFFTs for MPI (2 processes)
[ Info: [Rank 0/2] Initialized MPI topology: (2,) processes
[ Info: [Rank 0/2] Set up PencilFFT transform for axes [1, 2] with global shape (32, 32)
[ Info: [Rank 0/2] Parallel decomposition: 2 processes
┌ Warning: [Rank 0/2] Linear term on RHS: "∂t(q) = d(q,y)"
│   'q' appears linearly on RHS (multiplied only by parameters).
│   Move to LHS for correct IMEX time splitting.
└ @ Tarang ~/Documents/GitHub/Tarang.jl/src/core/problems/problem_types.jl:571
┌ Warning: [Rank 1/2] Linear term on RHS: "∂t(q) = d(q,y)"
│   'q' appears linearly on RHS (multiplied only by parameters).
│   Move to LHS for correct IMEX time splitting.
└ @ Tarang ~/Documents/GitHub/Tarang.jl/src/core/problems/problem_types.jl:571
[ Info: [Rank 0/2] Matrix building completed: L=(544, 544), M=(544, 544), F=544
[ Info: [Rank 0/2] LazyRHS: built type-specialized plan for 1 equations
[ Info: [Rank 1/2] LazyRHS: built type-specialized plan for 1 equations
Test Summary:                                               | Test Summary:                                               | Pass  Pass  Total  Total   Time
MPI lazy RHS differentiates later RealFourier axes (rank=0) Time | 
   3  MPI lazy RHS differentiates later RealFourier axes (rank=1)    3   | 13.3s   3  
    3  13.3s
MPI lazy RHS Fourier tests completed
============================================================
MPI Dealiasing Product Tests
============================================================
[ Info: [Rank 0/2] device=CPU(): using PencilArrays/PencilFFTs for MPI (2 processes)
[ Info: [Rank 0/2] Initialized MPI topology: (2,) processes
[ Info: [Rank 0/2] Set up PencilFFT transform for axes [1, 2] with global shape (32, 32)
[ Info: [Rank 0/2] Parallel decomposition: 2 processes
[ Info: [Rank 0/2] Setting up nonlinear transforms for 1D parallelization (fallback)
[ Info: [Rank 0/2] Setting up 1D nonlinear transforms
[ Info: [Rank 1/2] Setting up nonlinear transforms for 1D parallelization (fallback)
[ Info: [Rank 1/2] Setting up 1D nonlinear transforms
[ Info: [Rank 0/2] 1D nonlinear transform setup complete
[ Info: [Rank 0/2]   MPI size: 2
[ Info: [Rank 0/2]   Dealiasing factor: 1.5
[ Info: [Rank 1/2] 1D nonlinear transform setup complete
[ Info: [Rank 1/2]   MPI size: 2
[ Info: [Rank 1/2]   Dealiasing factor: 1.5
  2D max error: 2.220446049250313e-16
[ Info: [Rank 0/2] device=CPU(): using PencilArrays/PencilFFTs for MPI (2 processes)
[ Info: [Rank 0/2] Initialized MPI topology: (2,) processes
[ Info: [Rank 0/2] Setting up nonlinear transforms for 1D parallelization (fallback)
[ Info: [Rank 0/2] Setting up 1D nonlinear transforms
[ Info: [Rank 1/2] Setting up nonlinear transforms for 1D parallelization (fallback)
[ Info: [Rank 1/2] Setting up 1D nonlinear transforms
[ Info: [Rank 1/2] 1D nonlinear transform setup complete
[ Info: [Rank 1/2]   MPI size: 2
[ Info: [Rank 1/2]   Dealiasing factor: 1.5
[ Info: [Rank 0/2] 1D nonlinear transform setup complete
[ Info: [Rank 0/2]   MPI size: 2
[ Info: [Rank 0/2]   Dealiasing factor: 1.5
  3D max error: 6.938893903907228e-17
Test Summary:                                         | Pass  Total   Time
MPI nonlinear product is dealiased correctly (rank=0) |    2      2  29.8s
Test Summary:                                         | Pass  Total   Time
MPI nonlinear product is dealiased correctly (rank=1) |    2      2  29.8s
[ Info: [Rank 0/2] device=CPU(): using PencilArrays/PencilFFTs for MPI (2 processes)
[ Info: [Rank 0/2] Initialized MPI topology: (2,) processes
[ Info: [Rank 1/2] Setting up nonlinear transforms for 1D parallelization (fallback)
[ Info: [Rank 1/2] Setting up 1D nonlinear transforms
[ Info: [Rank 0/2] Setting up nonlinear transforms for 1D parallelization (fallback)
[ Info: [Rank 0/2] Setting up 1D nonlinear transforms
[ Info: [Rank 0/2] 1D nonlinear transform setup complete
[ Info: [Rank 0/2]   MPI size: 2
[ Info: [Rank 0/2]   Dealiasing factor: 1.5
[ Info: [Rank 1/2] 1D nonlinear transform setup complete
[ Info: [Rank 1/2]   MPI size: 2
[ Info: [Rank 1/2]   Dealiasing factor: 1.5
[ Info: [Rank 0/2] device=CPU(): using PencilArrays/PencilFFTs for MPI (2 processes)
[ Info: [Rank 0/2] Initialized MPI topology: (2,) processes
[ Info: [Rank 1/2] Setting up nonlinear transforms for 1D parallelization (fallback)
[ Info: [Rank 0/2] Setting up nonlinear transforms for 1D parallelization (fallback)
[ Info: [Rank 1/2] Setting up 1D nonlinear transforms
[ Info: [Rank 0/2] Setting up 1D nonlinear transforms
[ Info: [Rank 1/2] 1D nonlinear transform setup complete
[ Info: [Rank 1/2]   MPI size: 2
[ Info: [Rank 1/2]   Dealiasing factor: 1.5
[ Info: [Rank 0/2] 1D nonlinear transform setup complete
[ Info: [Rank 0/2]   MPI size: 2
[ Info: [Rank 0/2]   Dealiasing factor: 1.5
Test Summary:                                       | Pass  Total  Time
basis dealias controls truncation strength (rank=1) |    2      2  2.2s
  amp(dealias=3/2)=1.0000000000000029  amp(dealias=3)=3.4557064597260504e-15
Test Summary:                                       | Pass  Total  Time
basis dealias controls truncation strength (rank=0) |    2      2  2.3s
[ Info: [Rank 0/2] device=CPU(): using PencilArrays/PencilFFTs for MPI (2 processes)
[ Info: [Rank 0/2] Initialized MPI topology: (2,) processes
[ Info: [Rank 0/2] Setting up nonlinear transforms for 1D parallelization (fallback)
[ Info: [Rank 0/2] Setting up 1D nonlinear transforms
[ Info: [Rank 1/2] Setting up nonlinear transforms for 1D parallelization (fallback)
[ Info: [Rank 1/2] Setting up 1D nonlinear transforms
[ Info: [Rank 0/2] 1D nonlinear transform setup complete
[ Info: [Rank 0/2]   MPI size: 2
[ Info: [Rank 0/2]   Dealiasing factor: 1.5
[ Info: [Rank 1/2] 1D nonlinear transform setup complete
[ Info: [Rank 1/2]   MPI size: 2
[ Info: [Rank 1/2]   Dealiasing factor: 1.5
[ Info: [Rank 0/2] device=CPU(): using PencilArrays/PencilFFTs for MPI (2 processes)
[ Info: [Rank 0/2] Initialized MPI topology: (2,) processes
[ Info: [Rank 1/2] Setting up nonlinear transforms for 1D parallelization (fallback)
[ Info: [Rank 0/2] Setting up nonlinear transforms for 1D parallelization (fallback)
[ Info: [Rank 1/2] Setting up 1D nonlinear transforms
[ Info: [Rank 0/2] Setting up 1D nonlinear transforms
[ Info: [Rank 1/2] 1D nonlinear transform setup complete
[ Info: [Rank 1/2]   MPI size: 2
[ Info: [Rank 1/2]   Dealiasing factor: 1.5
[ Info: [Rank 0/2] 1D nonlinear transform setup complete
[ Info: [Rank 0/2]   MPI size: 2
[ Info: [Rank 0/2]   Dealiasing factor: 1.5
  amp(dealias=3/2)=1.260683339695217e-14  amp(dealias=1)=1.0
Test Summary:                          | Pass  Total  TimeTest Summary:                          | 
dealias=1 disables dealiasing (rank=1)Pass  Total   |    2  Time    2  
1.7sdealias=1 disables dealiasing (rank=0)
 |    2      2  1.6s
MPI dealiasing product tests completed
[ Info: [Rank 0/2] device=CPU(): using PencilArrays/PencilFFTs for MPI (2 processes)
[ Info: [Rank 0/2] Initialized MPI topology: (2,) processes
[ Info: [Rank 0/2] Set up PencilFFT transform for axes [1, 2] with global shape (32, 32)
[ Info: [Rank 0/2] Parallel decomposition: 2 processes
[ Info: [Rank 0/2] Setting up nonlinear transforms for 1D parallelization (fallback)
[ Info: [Rank 0/2] Setting up 1D nonlinear transforms
[ Info: [Rank 1/2] Setting up nonlinear transforms for 1D parallelization (fallback)
[ Info: [Rank 1/2] Setting up 1D nonlinear transforms
[ Info: [Rank 0/2] 1D nonlinear transform setup complete
[ Info: [Rank 0/2]   MPI size: 2
[ Info: [Rank 0/2]   Dealiasing factor: 1.5
[ Info: [Rank 1/2] 1D nonlinear transform setup complete
[ Info: [Rank 1/2]   MPI size: 2
[ Info: [Rank 1/2]   Dealiasing factor: 1.5
  N=32  max|u·∇φ - analytic| = 3.774758283725532e-15
[ Info: [Rank 0/2] device=CPU(): using PencilArrays/PencilFFTs for MPI (2 processes)
[ Info: [Rank 0/2] Initialized MPI topology: (2,) processes
[ Info: [Rank 0/2] Setting up nonlinear transforms for 1D parallelization (fallback)
[ Info: [Rank 1/2] Setting up nonlinear transforms for 1D parallelization (fallback)
[ Info: [Rank 0/2] Setting up 1D nonlinear transforms
[ Info: [Rank 1/2] Setting up 1D nonlinear transforms
[ Info: [Rank 0/2] 1D nonlinear transform setup complete
[ Info: [Rank 0/2]   MPI size: 2
[ Info: [Rank 0/2]   Dealiasing factor: 1.5
[ Info: [Rank 1/2] 1D nonlinear transform setup complete
[ Info: [Rank 1/2]   MPI size: 2
[ Info: [Rank 1/2]   Dealiasing factor: 1.5
  N=64  max|u·∇φ - analytic| = 7.105427357601002e-15
Test Summary:                                | Pass  Total   Time
MPI advection u·∇φ matches analytic (rank=1) |    2      2  18.5s
Test Summary:                                | Pass  Total   Time
MPI advection u·∇φ matches analytic (rank=0) |    2      2  18.5s
MPI advection term test completed
[ Info: [Rank 0/2] device=CPU(): using PencilArrays/PencilFFTs for MPI (2 processes)
[ Info: [Rank 0/2] Initialized MPI topology: (2,) processes
[ Info: [Rank 0/2] Set up PencilFFT transform for axes [1, 2] with global shape (32, 32)
[ Info: [Rank 0/2] Parallel decomposition: 2 processes
  N=32 k=2  max|batched-perfield| = 0.0
[ Info: [Rank 0/2] device=CPU(): using PencilArrays/PencilFFTs for MPI (2 processes)
[ Info: [Rank 0/2] Initialized MPI topology: (2,) processes
  N=32 k=3  max|batched-perfield| = 0.0
[ Info: [Rank 0/2] device=CPU(): using PencilArrays/PencilFFTs for MPI (2 processes)
[ Info: [Rank 0/2] Initialized MPI topology: (2,) processes
  N=64 k=2  max|batched-perfield| = 0.0
[ Info: [Rank 0/2] device=CPU(): using PencilArrays/PencilFFTs for MPI (2 processes)
[ Info: [Rank 0/2] Initialized MPI topology: (2,) processes
  N=64 k=3  max|batched-perfield| = 0.0
Test Summary:                          | Pass  Total  Time
batched backward == per-field (rank=0) |    4      4  6.6s
batched transform test completed
Test Summary:                          | Pass  Total  Time
batched backward == per-field (rank=1) |    4      4  6.6s
[ Info: [Rank 0/2] device=CPU(): using PencilArrays/PencilFFTs for MPI (2 processes)
[ Info: [Rank 0/2] Initialized MPI topology: (2,) processes
[ Info: [Rank 0/2] Set up PencilFFT transform for axes [1, 2] with global shape (32, 32)
[ Info: [Rank 0/2] Parallel decomposition: 2 processes
[ Info: [Rank 0/2] Setting up nonlinear transforms for 1D parallelization (fallback)
[ Info: [Rank 0/2] Setting up 1D nonlinear transforms
[ Info: [Rank 1/2] Setting up nonlinear transforms for 1D parallelization (fallback)
[ Info: [Rank 1/2] Setting up 1D nonlinear transforms
[ Info: [Rank 0/2] 1D nonlinear transform setup complete
[ Info: [Rank 0/2]   MPI size: 2
[ Info: [Rank 0/2]   Dealiasing factor: 1.5
[ Info: [Rank 1/2] 1D nonlinear transform setup complete
[ Info: [Rank 1/2]   MPI size: 2
[ Info: [Rank 1/2]   Dealiasing factor: 1.5
  N=32  max|u·w - analytic| = 5.551115123125783e-16
[ Info: [Rank 0/2] device=CPU(): using PencilArrays/PencilFFTs for MPI (2 processes)
[ Info: [Rank 0/2] Initialized MPI topology: (2,) processes
[ Info: [Rank 0/2] Setting up nonlinear transforms for 1D parallelization (fallback)
[ Info: [Rank 0/2] Setting up 1D nonlinear transforms
[ Info: [Rank 1/2] Setting up nonlinear transforms for 1D parallelization (fallback)
[ Info: [Rank 1/2] Setting up 1D nonlinear transforms
[ Info: [Rank 1/2] 1D nonlinear transform setup complete
[ Info: [Rank 1/2]   MPI size: 2
[ Info: [Rank 1/2]   Dealiasing factor: 1.5
[ Info: [Rank 0/2] 1D nonlinear transform setup complete
[ Info: [Rank 0/2]   MPI size: 2
[ Info: [Rank 0/2]   Dealiasing factor: 1.5
  N=64  max|u·w - analytic| = 5.551115123125783e-16
Test Summary:                                 | Test Summary:                                 | Pass  Pass  Total  Total   Time Time

MPI dot-product u·w matches analytic (rank=1)MPI dot-product u·w matches analytic (rank=0) |  |    2      2     2  19.4s    2  
19.4s
MPI dot-product term test completed
============================================================
MPI Stochastic Forcing Tests
============================================================
[ Info: [Rank 0/2] device=CPU(): using PencilArrays/PencilFFTs for MPI (2 processes)
[ Info: [Rank 0/2] Initialized MPI topology: (2,) processes
[ Info: [Rank 0/2] Set up PencilFFT transform for axes [1, 2] with global shape (8, 8)
[ Info: [Rank 0/2] Parallel decomposition: 2 processes
[ Info: [Rank 0/2] Registered stochastic forcing for variable :q (index: 1)
[ Info: [Rank 1/2] Registered stochastic forcing for variable :q (index: 1)
