Test Summary:           | Pass  Total  Time
TransposableField Basic |   50     50  0.2s
Test Summary:           | Pass  Total  Time
TransposableField Basic |   50     50  0.2s
Test Summary:           | Pass  Total  Time
TransposableField Basic |   50     50  0.2s
Test Summary:           | Pass  Total  Time
TransposableField Basic |   50     50  0.2s
Test Summary:                     | Pass  Total  Time
TransposableField Pack/Unpack CPU |    2      2  0.6s
Test Summary:                     | Pass  Total  Time
TransposableField Pack/Unpack CPU |    2      2  0.6s
Test Summary:                     | Pass  Total  Time
TransposableField Pack/Unpack CPU |    2      2  0.6s
Test Summary:                     | Pass  Total  Time
TransposableField Pack/Unpack CPU |    2      2  0.6s
[ Info: [Rank 0/4] device=CPU(): using PencilArrays/PencilFFTs for MPI (4 processes)
[ Info: [Rank 0/4] Initialized MPI topology: (2, 2) processes
Test Summary:        | Pass  Test Summary:        | Total  Pass  TimeTotal  
Timecompute_local_shapes
 | compute_local_shapes |    3     3      3  1.1s    3  
1.1s
Test Summary:        | Pass  Total  Time
compute_local_shapes |    3      3  1.1s
Test Summary:        | Pass  Total  Time
compute_local_shapes |    3      3  1.1s
Test Summary:         | Broken  Total  Time
TransposableField GPU |      1      1  0.0s
Test Summary:         | Broken  Total  Time
TransposableField GPU |      1      1  0.0s
Test Summary:         | Broken  Total  Time
TransposableField GPU |      1      1  0.0s
Test Summary:         | Broken  Total  Time
TransposableField GPU |      1      1  0.0s
